<?xml version="1.0" encoding="UTF-8" ?>
<testsuite tests="4" failures="0" name="br.ce.wcaquino.servicos.LocacaoServiceTest" time="0.198" errors="0" skipped="0">
  <properties>
[...]
</properties>
  <testcase classname="br.ce.wcaquino.servicos.LocacaoServiceTest" name="testeLocacao" time="0.172"/>
  <testcase classname="br.ce.wcaquino.servicos.LocacaoServiceTest" name="testLocacao_FilmeVazio" time="0.019"/>
  <testcase classname="br.ce.wcaquino.servicos.LocacaoServiceTest" name="testLocacao_usuarioVazio" time="0"/>
  <testcase classname="br.ce.wcaquino.servicos.LocacaoServiceTest" name="testLocacao_filmeSemEstoque" time="0.007"/>
</testsuite>